# JRE version: Java(TM) SE Runtime Environment (8.0_144-b01) (build 1.8.0_144-b01)
# Java VM: Java HotSpot(TM) 64-Bit Server VM (25.144-b01 mixed mode bsd-amd64 compressed oops)
Heap:
 PSYoungGen      total 632320K, used 448731K [0x0000000795580000, 0x00000007bf880000, 0x00000007c0000000)
  eden space 584704K, 73% used [0x0000000795580000,0x00000007af9e7390,0x00000007b9080000)
  from space 47616K, 38% used [0x00000007bca00000,0x00000007bdbcfac0,0x00000007bf880000)
  to   space 53248K, 0% used [0x00000007b9080000,0x00000007b9080000,0x00000007bc480000)
 ParOldGen       total 181760K, used 121142K [0x0000000740000000, 0x000000074b180000, 0x0000000795580000)
  object space 181760K, 66% used [0x0000000740000000,0x000000074764d908,0x000000074b180000)
 Metaspace       used 49900K, capacity 50517K, committed 50944K, reserved 1093632K
  class space    used 6476K, capacity 6623K, committed 6656K, reserved 1048576K
GC Heap History (10 events):
Event: 7.506 GC heap before
{Heap before GC invocations=13 (full 2):
 PSYoungGen      total 489472K, used 152784K [0x0000000795580000, 0x00000007ba180000, 0x00000007c0000000)
  eden space 454144K, 25% used [0x0000000795580000,0x000000079c895790,0x00000007b1100000)
  from space 35328K, 98% used [0x00000007b7f00000,0x00000007ba11ea48,0x00000007ba180000)
  to   space 51712K, 0% used [0x00000007b3c80000,0x00000007b3c80000,0x00000007b6f00000)
 ParOldGen       total 119808K, used 65737K [0x0000000740000000, 0x0000000747500000, 0x0000000795580000)
  object space 119808K, 54% used [0x0000000740000000,0x00000007440327c8,0x0000000747500000)
 Metaspace       used 31345K, capacity 31686K, committed 32000K, reserved 1077248K
  class space    used 4336K, capacity 4483K, committed 4608K, reserved 1048576K
Event: 7.548 GC heap after
Heap after GC invocations=13 (full 2):
 PSYoungGen      total 550400K, used 16381K [0x0000000795580000, 0x00000007c0000000, 0x00000007c0000000)
  eden space 498688K, 0% used [0x0000000795580000,0x0000000795580000,0x00000007b3c80000)
  from space 51712K, 31% used [0x00000007b3c80000,0x00000007b4c7f678,0x00000007b6f00000)
  to   space 49664K, 0% used [0x00000007bcf80000,0x00000007bcf80000,0x00000007c0000000)
 ParOldGen       total 119808K, used 86753K [0x0000000740000000, 0x0000000747500000, 0x0000000795580000)
  object space 119808K, 72% used [0x0000000740000000,0x00000007454b8410,0x0000000747500000)
 Metaspace       used 31345K, capacity 31686K, committed 32000K, reserved 1077248K
  class space    used 4336K, capacity 4483K, committed 4608K, reserved 1048576K
}
Event: 7.548 GC heap before
{Heap before GC invocations=14 (full 3):
 PSYoungGen      total 550400K, used 16381K [0x0000000795580000, 0x00000007c0000000, 0x00000007c0000000)
  eden space 498688K, 0% used [0x0000000795580000,0x0000000795580000,0x00000007b3c80000)
  from space 51712K, 31% used [0x00000007b3c80000,0x00000007b4c7f678,0x00000007b6f00000)
  to   space 49664K, 0% used [0x00000007bcf80000,0x00000007bcf80000,0x00000007c0000000)
 ParOldGen       total 119808K, used 86753K [0x0000000740000000, 0x0000000747500000, 0x0000000795580000)
  object space 119808K, 72% used [0x0000000740000000,0x00000007454b8410,0x0000000747500000)
 Metaspace       used 31345K, capacity 31686K, committed 32000K, reserved 1077248K
  class space    used 4336K, capacity 4483K, committed 4608K, reserved 1048576K
Event: 7.763 GC heap after
Heap after GC invocations=14 (full 3):
 PSYoungGen      total 550400K, used 0K [0x0000000795580000, 0x00000007c0000000, 0x00000007c0000000)
  eden space 498688K, 0% used [0x0000000795580000,0x0000000795580000,0x00000007b3c80000)
  from space 51712K, 0% used [0x00000007b3c80000,0x00000007b3c80000,0x00000007b6f00000)
  to   space 49664K, 0% used [0x00000007bcf80000,0x00000007bcf80000,0x00000007c0000000)
 ParOldGen       total 181760K, used 87143K [0x0000000740000000, 0x000000074b180000, 0x0000000795580000)
  object space 181760K, 47% used [0x0000000740000000,0x0000000745519ff8,0x000000074b180000)
 Metaspace       used 31345K, capacity 31686K, committed 32000K, reserved 1077248K
  class space    used 4336K, capacity 4483K, committed 4608K, reserved 1048576K
}
Event: 10.968 GC heap before
{Heap before GC invocations=15 (full 3):
 PSYoungGen      total 550400K, used 498688K [0x0000000795580000, 0x00000007c0000000, 0x00000007c0000000)
  eden space 498688K, 100% used [0x0000000795580000,0x00000007b3c80000,0x00000007b3c80000)
  from space 51712K, 0% used [0x00000007b3c80000,0x00000007b3c80000,0x00000007b6f00000)
  to   space 49664K, 0% used [0x00000007bcf80000,0x00000007bcf80000,0x00000007c0000000)
 ParOldGen       total 181760K, used 87143K [0x0000000740000000, 0x000000074b180000, 0x0000000795580000)
  object space 181760K, 47% used [0x0000000740000000,0x0000000745519ff8,0x000000074b180000)
 Metaspace       used 37217K, capacity 37623K, committed 38016K, reserved 1081344K
  class space    used 4976K, capacity 5134K, committed 5248K, reserved 1048576K
Event: 11.056 GC heap after
Heap after GC invocations=15 (full 3):
 PSYoungGen      total 630784K, used 49654K [0x0000000795580000, 0x00000007c0000000, 0x00000007c0000000)
  eden space 581120K, 0% used [0x0000000795580000,0x0000000795580000,0x00000007b8d00000)
  from space 49664K, 99% used [0x00000007bcf80000,0x00000007bfffd858,0x00000007c0000000)
  to   space 58880K, 0% used [0x00000007b8d00000,0x00000007b8d00000,0x00000007bc680000)
 ParOldGen       total 181760K, used 90762K [0x0000000740000000, 0x000000074b180000, 0x0000000795580000)
  object space 181760K, 49% used [0x0000000740000000,0x00000007458a2bf0,0x000000074b180000)
 Metaspace       used 37217K, capacity 37623K, committed 38016K, reserved 1081344K
  class space    used 4976K, capacity 5134K, committed 5248K, reserved 1048576K
}
Event: 15.316 GC heap before
{Heap before GC invocations=16 (full 3):
 PSYoungGen      total 630784K, used 615022K [0x0000000795580000, 0x00000007c0000000, 0x00000007c0000000)
  eden space 581120K, 97% used [0x0000000795580000,0x00000007b7d9e348,0x00000007b8d00000)
  from space 49664K, 99% used [0x00000007bcf80000,0x00000007bfffd858,0x00000007c0000000)
  to   space 58880K, 0% used [0x00000007b8d00000,0x00000007b8d00000,0x00000007bc680000)
 ParOldGen       total 181760K, used 90762K [0x0000000740000000, 0x000000074b180000, 0x0000000795580000)
  object space 181760K, 49% used [0x0000000740000000,0x00000007458a2bf0,0x000000074b180000)
 Metaspace       used 44585K, capacity 45093K, committed 45440K, reserved 1089536K
  class space    used 5842K, capacity 6007K, committed 6016K, reserved 1048576K
Event: 15.366 GC heap after
Heap after GC invocations=16 (full 3):
 PSYoungGen      total 640000K, used 24336K [0x0000000795580000, 0x00000007c0000000, 0x00000007c0000000)
  eden space 581120K, 0% used [0x0000000795580000,0x0000000795580000,0x00000007b8d00000)
  from space 58880K, 41% used [0x00000007b8d00000,0x00000007ba4c41e8,0x00000007bc680000)
  to   space 55296K, 0% used [0x00000007bca00000,0x00000007bca00000,0x00000007c0000000)
 ParOldGen       total 181760K, used 106362K [0x0000000740000000, 0x000000074b180000, 0x0000000795580000)
  object space 181760K, 58% used [0x0000000740000000,0x00000007467de858,0x000000074b180000)
 Metaspace       used 44585K, capacity 45093K, committed 45440K, reserved 1089536K
  class space    used 5842K, capacity 6007K, committed 6016K, reserved 1048576K
}
Event: 18.375 GC heap before
{Heap before GC invocations=17 (full 3):
 PSYoungGen      total 640000K, used 605456K [0x0000000795580000, 0x00000007c0000000, 0x00000007c0000000)
  eden space 581120K, 100% used [0x0000000795580000,0x00000007b8d00000,0x00000007b8d00000)
  from space 58880K, 41% used [0x00000007b8d00000,0x00000007ba4c41e8,0x00000007bc680000)
  to   space 55296K, 0% used [0x00000007bca00000,0x00000007bca00000,0x00000007c0000000)
 ParOldGen       total 181760K, used 106362K [0x0000000740000000, 0x000000074b180000, 0x0000000795580000)
  object space 181760K, 58% used [0x0000000740000000,0x00000007467de858,0x000000074b180000)
 Metaspace       used 46866K, capacity 47411K, committed 47744K, reserved 1091584K
  class space    used 6064K, capacity 6250K, committed 6272K, reserved 1048576K
Event: 18.418 GC heap after
Heap after GC invocations=17 (full 3):
 PSYoungGen      total 632320K, used 18238K [0x0000000795580000, 0x00000007bf880000, 0x00000007c0000000)
  eden space 584704K, 0% used [0x0000000795580000,0x0000000795580000,0x00000007b9080000)
  from space 47616K, 38% used [0x00000007bca00000,0x00000007bdbcfac0,0x00000007bf880000)
  to   space 53248K, 0% used [0x00000007b9080000,0x00000007b9080000,0x00000007bc480000)
 ParOldGen       total 181760K, used 121142K [0x0000000740000000, 0x000000074b180000, 0x0000000795580000)
  object space 181760K, 66% used [0x0000000740000000,0x000000074764d908,0x000000074b180000)
 Metaspace       used 46866K, capacity 47411K, committed 47744K, reserved 1091584K
  class space    used 6064K, capacity 6250K, committed 6272K, reserved 1048576K
}

